app/build/intermediates/manifest_merge_blame_file/debug/manifest-merger-blame-debug-report.txt
1<?xml version="1.0" encoding="utf-8"?>
2<manifest xmlns:android="http://schemas.android.com/apk/res/android"
3    package="org.hdev.wifi"
4    android:versionCode="1"
5    android:versionName="1.0" >
6
7    <uses-sdk
8        android:minSdkVersion="16"
8-->src\main\AndroidManifest.xml
9        android:targetSdkVersion="30" />
9-->src\main\AndroidManifest.xml
10
11    <uses-feature android:name="android.hardware.wifi" />
11-->src\main\AndroidManifest.xml:6:5-58
11-->src\main\AndroidManifest.xml:6:19-55
12
13    <uses-permission android:name="android.permission.ACCESS_WIFI_STATE" />
13-->src\main\AndroidManifest.xml:8:5-76
13-->src\main\AndroidManifest.xml:8:22-73
14    <uses-permission android:name="android.permission.ACCESS_NETWORK_STATE" />
14-->src\main\AndroidManifest.xml:9:5-79
14-->src\main\AndroidManifest.xml:9:22-76
15    <uses-permission android:name="android.permission.INTERNET" />
15-->src\main\AndroidManifest.xml:10:5-67
15-->src\main\AndroidManifest.xml:10:22-64
16    <uses-permission android:name="android.permission.CHANGE_WIFI_STATE" />
16-->src\main\AndroidManifest.xml:11:5-76
16-->src\main\AndroidManifest.xml:11:22-73
17    <uses-permission android:name="android.permission.ACCESS_FINE_LOCATION" />
17-->src\main\AndroidManifest.xml:13:5-78
17-->src\main\AndroidManifest.xml:13:22-76
18
19    <application
19-->src\main\AndroidManifest.xml:15:5-31:19
20        android:allowBackup="true"
20-->src\main\AndroidManifest.xml:16:9-35
21        android:appComponentFactory="androidx.core.app.CoreComponentFactory"
21-->[androidx.core:core:1.5.0] AndroidManifest.xml:24:18-86
22        android:debuggable="true"
23        android:icon="@mipmap/launcher"
23-->src\main\AndroidManifest.xml:17:9-40
24        android:label="@string/app_name"
24-->src\main\AndroidManifest.xml:18:9-41
25        android:supportsRtl="true"
25-->src\main\AndroidManifest.xml:19:9-35
26        android:testOnly="true"
27        android:theme="@style/AppTheme.NoActionBar" >
27-->src\main\AndroidManifest.xml:20:9-52
28        <activity android:name="org.hdev.wifi.MainActivity" >
28-->src\main\AndroidManifest.xml:21:9-28:20
28-->src\main\AndroidManifest.xml:21:19-60
29            <intent-filter>
29-->src\main\AndroidManifest.xml:23:13-27:29
30                <action android:name="android.intent.action.MAIN" />
30-->src\main\AndroidManifest.xml:24:17-69
30-->src\main\AndroidManifest.xml:24:25-66
31
32                <category android:name="android.intent.category.LAUNCHER" />
32-->src\main\AndroidManifest.xml:26:17-77
32-->src\main\AndroidManifest.xml:26:27-74
33            </intent-filter>
34        </activity>
35        <activity
35-->src\main\AndroidManifest.xml:29:9-30:58
36            android:name="org.hdev.wifi.AboutActivity"
36-->src\main\AndroidManifest.xml:29:24-66
37            android:theme="@style/AppTheme.NoActionBar" />
37-->src\main\AndroidManifest.xml:30:13-56
38    </application>
39
40</manifest>